2014/03/25 16:17:26 [error] [php] include(Admin.php): failed to open stream: No such file or directory (/Users/smaloney/Sites/framework/YiiBase.php:427)
Stack trace:
#0 /Users/smaloney/Sites/JAC1/protected/components/UserIdentity.php(14): spl_autoload_call()
#1 /Users/smaloney/Sites/JAC1/protected/models/LoginForm.php(52): UserIdentity->authenticate()
#2 /Users/smaloney/Sites/framework/validators/CInlineValidator.php(42): LoginForm->authenticate()
#3 /Users/smaloney/Sites/framework/validators/CValidator.php(213): CInlineValidator->validateAttribute()
#4 /Users/smaloney/Sites/framework/base/CModel.php(159): CInlineValidator->validate()
#5 /Users/smaloney/Sites/JAC1/protected/controllers/SiteController.php(94): LoginForm->validate()
#6 /Users/smaloney/Sites/framework/web/actions/CInlineAction.php(49): SiteController->actionLogin()
#7 /Users/smaloney/Sites/framework/web/CController.php(308): CInlineAction->runWithParams()
#8 /Users/smaloney/Sites/framework/web/CController.php(286): SiteController->runAction()
#9 /Users/smaloney/Sites/framework/web/CController.php(265): SiteController->runActionWithFilters()
#10 /Users/smaloney/Sites/framework/web/CWebApplication.php(282): SiteController->run()
#11 /Users/smaloney/Sites/framework/web/CWebApplication.php(141): CWebApplication->runController()
#12 /Users/smaloney/Sites/framework/base/CApplication.php(180): CWebApplication->processRequest()
#13 /Users/smaloney/Sites/JAC1/index.php(13): CWebApplication->run()
REQUEST_URI=/~smaloney/JAC1/index.php?r=site/login
in /Users/smaloney/Sites/JAC1/protected/components/UserIdentity.php (14)
in /Users/smaloney/Sites/JAC1/protected/models/LoginForm.php (52)
in /Users/smaloney/Sites/JAC1/protected/controllers/SiteController.php (94)
2014/03/25 17:07:30 [error] [php] Use of undefined constant ERROR_USERNAME_NOT_ACTIVE - assumed 'ERROR_USERNAME_NOT_ACTIVE' (/Users/smaloney/Sites/JAC1/protected/components/UserIdentity.php:26)
Stack trace:
#0 /Users/smaloney/Sites/framework/validators/CValidator.php(213): CInlineValidator->validateAttribute()
#1 /Users/smaloney/Sites/framework/base/CModel.php(159): CInlineValidator->validate()
#2 /Users/smaloney/Sites/JAC1/protected/controllers/SiteController.php(94): LoginForm->validate()
#3 /Users/smaloney/Sites/framework/web/actions/CInlineAction.php(49): SiteController->actionLogin()
#4 /Users/smaloney/Sites/framework/web/CController.php(308): CInlineAction->runWithParams()
#5 /Users/smaloney/Sites/framework/web/CController.php(286): SiteController->runAction()
#6 /Users/smaloney/Sites/framework/web/CController.php(265): SiteController->runActionWithFilters()
#7 /Users/smaloney/Sites/framework/web/CWebApplication.php(282): SiteController->run()
#8 /Users/smaloney/Sites/framework/web/CWebApplication.php(141): CWebApplication->runController()
#9 /Users/smaloney/Sites/framework/base/CApplication.php(180): CWebApplication->processRequest()
#10 /Users/smaloney/Sites/JAC1/index.php(13): CWebApplication->run()
REQUEST_URI=/~smaloney/JAC1/index.php?r=site/login
in /Users/smaloney/Sites/JAC1/protected/components/UserIdentity.php (26)
in /Users/smaloney/Sites/JAC1/protected/models/LoginForm.php (52)
in /Users/smaloney/Sites/JAC1/protected/controllers/SiteController.php (94)
2014/03/25 17:26:03 [error] [exception.CException] exception 'CException' with message 'Property "CWebUser.access" is not defined.' in /Users/smaloney/Sites/framework/base/CComponent.php:130
Stack trace:
#0 /Users/smaloney/Sites/framework/web/auth/CWebUser.php(146): CComponent->__get('access')
#1 /Users/smaloney/Sites/JAC1/protected/views/layouts/main.php(34): CWebUser->__get('access')
#2 /Users/smaloney/Sites/framework/web/CBaseController.php(126): require('/Users/smaloney...')
#3 /Users/smaloney/Sites/framework/web/CBaseController.php(95): CBaseController->renderInternal('/Users/smaloney...', Array, true)
#4 /Users/smaloney/Sites/framework/web/widgets/CContentDecorator.php(76): CBaseController->renderFile('/Users/smaloney...', Array, true)
#5 /Users/smaloney/Sites/framework/web/widgets/CContentDecorator.php(54): CContentDecorator->decorate('<div id="conten...')
#6 /Users/smaloney/Sites/framework/web/widgets/COutputProcessor.php(44): CContentDecorator->processOutput('<div id="conten...')
#7 /Users/smaloney/Sites/framework/web/CBaseController.php(206): COutputProcessor->run()
#8 /Users/smaloney/Sites/framework/web/CBaseController.php(300): CBaseController->endWidget('CContentDecorat...')
#9 /Users/smaloney/Sites/JAC1/protected/views/layouts/column1.php(6): CBaseController->endContent()
#10 /Users/smaloney/Sites/framework/web/CBaseController.php(126): require('/Users/smaloney...')
#11 /Users/smaloney/Sites/framework/web/CBaseController.php(95): CBaseController->renderInternal('/Users/smaloney...', Array, true)
#12 /Users/smaloney/Sites/framework/web/CController.php(784): CBaseController->renderFile('/Users/smaloney...', Array, true)
#13 /Users/smaloney/Sites/JAC1/protected/controllers/SiteController.php(32): CController->render('index')
#14 /Users/smaloney/Sites/framework/web/actions/CInlineAction.php(49): SiteController->actionIndex()
#15 /Users/smaloney/Sites/framework/web/CController.php(308): CInlineAction->runWithParams(Array)
#16 /Users/smaloney/Sites/framework/web/CController.php(286): CController->runAction(Object(CInlineAction))
#17 /Users/smaloney/Sites/framework/web/CController.php(265): CController->runActionWithFilters(Object(CInlineAction), Array)
#18 /Users/smaloney/Sites/framework/web/CWebApplication.php(282): CController->run('')
#19 /Users/smaloney/Sites/framework/web/CWebApplication.php(141): CWebApplication->runController('')
#20 /Users/smaloney/Sites/framework/base/CApplication.php(180): CWebApplication->processRequest()
#21 /Users/smaloney/Sites/JAC1/index.php(13): CApplication->run()
#22 {main}
REQUEST_URI=/~smaloney/JAC1/index.php
HTTP_REFERER=http://localhost/~smaloney/JAC1/index.php
---
2014/03/25 18:07:55 [error] [php] Undefined variable: model (/Users/smaloney/Sites/JAC1/protected/views/site/login.php:28)
Stack trace:
#0 /Users/smaloney/Sites/framework/web/CController.php(869): SiteController->renderFile()
#1 /Users/smaloney/Sites/framework/web/CController.php(782): SiteController->renderPartial()
#2 /Users/smaloney/Sites/JAC1/protected/controllers/SiteController.php(32): SiteController->render()
#3 /Users/smaloney/Sites/framework/web/actions/CInlineAction.php(49): SiteController->actionIndex()
#4 /Users/smaloney/Sites/framework/web/CController.php(308): CInlineAction->runWithParams()
#5 /Users/smaloney/Sites/framework/web/CController.php(286): SiteController->runAction()
#6 /Users/smaloney/Sites/framework/web/CController.php(265): SiteController->runActionWithFilters()
#7 /Users/smaloney/Sites/framework/web/CWebApplication.php(282): SiteController->run()
#8 /Users/smaloney/Sites/framework/web/CWebApplication.php(141): CWebApplication->runController()
#9 /Users/smaloney/Sites/framework/base/CApplication.php(180): CWebApplication->processRequest()
#10 /Users/smaloney/Sites/JAC1/index.php(13): CWebApplication->run()
REQUEST_URI=/~smaloney/JAC1/index.php
in /Users/smaloney/Sites/JAC1/protected/views/site/login.php (28)
in /Users/smaloney/Sites/JAC1/protected/controllers/SiteController.php (32)
in /Users/smaloney/Sites/JAC1/index.php (13)
2014/03/25 18:11:15 [error] [exception.CHttpException.404] exception 'CHttpException' with message 'The system is unable to find the requested action "upIndex".' in /Users/smaloney/Sites/framework/web/CController.php:483
Stack trace:
#0 /Users/smaloney/Sites/framework/web/CController.php(270): CController->missingAction('upIndex')
#1 /Users/smaloney/Sites/framework/web/CWebApplication.php(282): CController->run('upIndex')
#2 /Users/smaloney/Sites/framework/web/CWebApplication.php(141): CWebApplication->runController('project/upIndex')
#3 /Users/smaloney/Sites/framework/base/CApplication.php(180): CWebApplication->processRequest()
#4 /Users/smaloney/Sites/JAC1/index.php(13): CApplication->run()
#5 {main}
REQUEST_URI=/~smaloney/JAC1/index.php?r=project/upIndex
HTTP_REFERER=http://localhost/~smaloney/JAC1/index.php
---
2014/03/25 18:41:24 [error] [exception.CHttpException.404] exception 'CHttpException' with message 'The system is unable to find the requested action "upIndex".' in /Users/smaloney/Sites/framework/web/CController.php:483
Stack trace:
#0 /Users/smaloney/Sites/framework/web/CController.php(270): CController->missingAction('upIndex')
#1 /Users/smaloney/Sites/framework/web/CWebApplication.php(282): CController->run('upIndex')
#2 /Users/smaloney/Sites/framework/web/CWebApplication.php(141): CWebApplication->runController('project/upIndex')
#3 /Users/smaloney/Sites/framework/base/CApplication.php(180): CWebApplication->processRequest()
#4 /Users/smaloney/Sites/JAC1/index.php(13): CApplication->run()
#5 {main}
REQUEST_URI=/~smaloney/JAC1/index.php?r=project/upIndex
HTTP_REFERER=http://localhost/~smaloney/JAC1/index.php?r=project/index
---
2014/03/25 19:44:55 [error] [exception.CException] exception 'CException' with message 'Property "CWebUser.access" is not defined.' in /Users/smaloney/Sites/framework/base/CComponent.php:130
Stack trace:
#0 /Users/smaloney/Sites/framework/web/auth/CWebUser.php(146): CComponent->__get('access')
#1 /Users/smaloney/Sites/framework/base/CComponent.php(612) : eval()'d code(1): CWebUser->__get('access')
#2 /Users/smaloney/Sites/framework/base/CComponent.php(612): eval()
#3 /Users/smaloney/Sites/framework/web/auth/CAccessControlFilter.php(392): CComponent->evaluateExpression('Yii::app()->use...', Array)
#4 /Users/smaloney/Sites/framework/web/auth/CAccessControlFilter.php(288): CAccessRule->isExpressionMatched(Object(CWebUser))
#5 /Users/smaloney/Sites/framework/web/auth/CAccessControlFilter.php(138): CAccessRule->isUserAllowed(Object(CWebUser), Object(ProjectController), Object(CInlineAction), '::1', 'GET')
#6 /Users/smaloney/Sites/framework/web/filters/CFilter.php(38): CAccessControlFilter->preFilter(Object(CFilterChain))
#7 /Users/smaloney/Sites/framework/web/CController.php(1145): CFilter->filter(Object(CFilterChain))
#8 /Users/smaloney/Sites/framework/web/filters/CInlineFilter.php(58): CController->filterAccessControl(Object(CFilterChain))
#9 /Users/smaloney/Sites/framework/web/filters/CFilterChain.php(130): CInlineFilter->filter(Object(CFilterChain))
#10 /Users/smaloney/Sites/framework/web/CController.php(291): CFilterChain->run()
#11 /Users/smaloney/Sites/framework/web/CController.php(265): CController->runActionWithFilters(Object(CInlineAction), Array)
#12 /Users/smaloney/Sites/framework/web/CWebApplication.php(282): CController->run('index')
#13 /Users/smaloney/Sites/framework/web/CWebApplication.php(141): CWebApplication->runController('')
#14 /Users/smaloney/Sites/framework/base/CApplication.php(180): CWebApplication->processRequest()
#15 /Users/smaloney/Sites/JAC1/index.php(13): CApplication->run()
#16 {main}
REQUEST_URI=/~smaloney/JAC1/index.php
HTTP_REFERER=http://localhost/~smaloney/JAC1/index.php?r=projectFile/create
---
2014/03/25 19:48:10 [error] [exception.CException] exception 'CException' with message 'Property "CWebUser.access" is not defined.' in /Users/smaloney/Sites/framework/base/CComponent.php:130
Stack trace:
#0 /Users/smaloney/Sites/framework/web/auth/CWebUser.php(146): CComponent->__get('access')
#1 /Users/smaloney/Sites/framework/base/CComponent.php(612) : eval()'d code(1): CWebUser->__get('access')
#2 /Users/smaloney/Sites/framework/base/CComponent.php(612): eval()
#3 /Users/smaloney/Sites/framework/web/auth/CAccessControlFilter.php(392): CComponent->evaluateExpression('Yii::app()->use...', Array)
#4 /Users/smaloney/Sites/framework/web/auth/CAccessControlFilter.php(288): CAccessRule->isExpressionMatched(Object(CWebUser))
#5 /Users/smaloney/Sites/framework/web/auth/CAccessControlFilter.php(138): CAccessRule->isUserAllowed(Object(CWebUser), Object(ProjectController), Object(CInlineAction), '::1', 'GET')
#6 /Users/smaloney/Sites/framework/web/filters/CFilter.php(38): CAccessControlFilter->preFilter(Object(CFilterChain))
#7 /Users/smaloney/Sites/framework/web/CController.php(1145): CFilter->filter(Object(CFilterChain))
#8 /Users/smaloney/Sites/framework/web/filters/CInlineFilter.php(58): CController->filterAccessControl(Object(CFilterChain))
#9 /Users/smaloney/Sites/framework/web/filters/CFilterChain.php(130): CInlineFilter->filter(Object(CFilterChain))
#10 /Users/smaloney/Sites/framework/web/CController.php(291): CFilterChain->run()
#11 /Users/smaloney/Sites/framework/web/CController.php(265): CController->runActionWithFilters(Object(CInlineAction), Array)
#12 /Users/smaloney/Sites/framework/web/CWebApplication.php(282): CController->run('index')
#13 /Users/smaloney/Sites/framework/web/CWebApplication.php(141): CWebApplication->runController('')
#14 /Users/smaloney/Sites/framework/base/CApplication.php(180): CWebApplication->processRequest()
#15 /Users/smaloney/Sites/JAC1/index.php(13): CApplication->run()
#16 {main}
REQUEST_URI=/~smaloney/JAC1/index.php
HTTP_REFERER=http://localhost/~smaloney/JAC1/index.php?r=projectFile/create
---
2014/03/25 19:49:04 [error] [exception.CException] exception 'CException' with message 'Property "CWebUser.access" is not defined.' in /Users/smaloney/Sites/framework/base/CComponent.php:130
Stack trace:
#0 /Users/smaloney/Sites/framework/web/auth/CWebUser.php(146): CComponent->__get('access')
#1 /Users/smaloney/Sites/framework/base/CComponent.php(612) : eval()'d code(1): CWebUser->__get('access')
#2 /Users/smaloney/Sites/framework/base/CComponent.php(612): eval()
#3 /Users/smaloney/Sites/framework/web/auth/CAccessControlFilter.php(392): CComponent->evaluateExpression('Yii::app()->use...', Array)
#4 /Users/smaloney/Sites/framework/web/auth/CAccessControlFilter.php(288): CAccessRule->isExpressionMatched(Object(CWebUser))
#5 /Users/smaloney/Sites/framework/web/auth/CAccessControlFilter.php(138): CAccessRule->isUserAllowed(Object(CWebUser), Object(ProjectController), Object(CInlineAction), '::1', 'GET')
#6 /Users/smaloney/Sites/framework/web/filters/CFilter.php(38): CAccessControlFilter->preFilter(Object(CFilterChain))
#7 /Users/smaloney/Sites/framework/web/CController.php(1145): CFilter->filter(Object(CFilterChain))
#8 /Users/smaloney/Sites/framework/web/filters/CInlineFilter.php(58): CController->filterAccessControl(Object(CFilterChain))
#9 /Users/smaloney/Sites/framework/web/filters/CFilterChain.php(130): CInlineFilter->filter(Object(CFilterChain))
#10 /Users/smaloney/Sites/framework/web/CController.php(291): CFilterChain->run()
#11 /Users/smaloney/Sites/framework/web/CController.php(265): CController->runActionWithFilters(Object(CInlineAction), Array)
#12 /Users/smaloney/Sites/framework/web/CWebApplication.php(282): CController->run('index')
#13 /Users/smaloney/Sites/framework/web/CWebApplication.php(141): CWebApplication->runController('')
#14 /Users/smaloney/Sites/framework/base/CApplication.php(180): CWebApplication->processRequest()
#15 /Users/smaloney/Sites/JAC1/index.php(13): CApplication->run()
#16 {main}
REQUEST_URI=/~smaloney/JAC1/index.php
HTTP_REFERER=http://localhost/~smaloney/JAC1/index.php?r=projectFile/create
---
2014/03/25 19:50:02 [error] [exception.CException] exception 'CException' with message 'Property "CWebUser.access" is not defined.' in /Users/smaloney/Sites/framework/base/CComponent.php:130
Stack trace:
#0 /Users/smaloney/Sites/framework/web/auth/CWebUser.php(146): CComponent->__get('access')
#1 /Users/smaloney/Sites/framework/base/CComponent.php(612) : eval()'d code(1): CWebUser->__get('access')
#2 /Users/smaloney/Sites/framework/base/CComponent.php(612): eval()
#3 /Users/smaloney/Sites/framework/web/auth/CAccessControlFilter.php(392): CComponent->evaluateExpression('Yii::app()->use...', Array)
#4 /Users/smaloney/Sites/framework/web/auth/CAccessControlFilter.php(288): CAccessRule->isExpressionMatched(Object(CWebUser))
#5 /Users/smaloney/Sites/framework/web/auth/CAccessControlFilter.php(138): CAccessRule->isUserAllowed(Object(CWebUser), Object(ProjectController), Object(CInlineAction), '::1', 'GET')
#6 /Users/smaloney/Sites/framework/web/filters/CFilter.php(38): CAccessControlFilter->preFilter(Object(CFilterChain))
#7 /Users/smaloney/Sites/framework/web/CController.php(1145): CFilter->filter(Object(CFilterChain))
#8 /Users/smaloney/Sites/framework/web/filters/CInlineFilter.php(58): CController->filterAccessControl(Object(CFilterChain))
#9 /Users/smaloney/Sites/framework/web/filters/CFilterChain.php(130): CInlineFilter->filter(Object(CFilterChain))
#10 /Users/smaloney/Sites/framework/web/CController.php(291): CFilterChain->run()
#11 /Users/smaloney/Sites/framework/web/CController.php(265): CController->runActionWithFilters(Object(CInlineAction), Array)
#12 /Users/smaloney/Sites/framework/web/CWebApplication.php(282): CController->run('index')
#13 /Users/smaloney/Sites/framework/web/CWebApplication.php(141): CWebApplication->runController('')
#14 /Users/smaloney/Sites/framework/base/CApplication.php(180): CWebApplication->processRequest()
#15 /Users/smaloney/Sites/JAC1/index.php(13): CApplication->run()
#16 {main}
REQUEST_URI=/~smaloney/JAC1/index.php
HTTP_REFERER=http://localhost/~smaloney/JAC1/index.php?r=projectFile/create
---
2014/03/25 19:52:04 [error] [exception.CException] exception 'CException' with message 'Property "CWebUser.access" is not defined.' in /Users/smaloney/Sites/framework/base/CComponent.php:130
Stack trace:
#0 /Users/smaloney/Sites/framework/web/auth/CWebUser.php(146): CComponent->__get('access')
#1 /Users/smaloney/Sites/framework/base/CComponent.php(612) : eval()'d code(1): CWebUser->__get('access')
#2 /Users/smaloney/Sites/framework/base/CComponent.php(612): eval()
#3 /Users/smaloney/Sites/framework/web/auth/CAccessControlFilter.php(392): CComponent->evaluateExpression('Yii::app()->use...', Array)
#4 /Users/smaloney/Sites/framework/web/auth/CAccessControlFilter.php(288): CAccessRule->isExpressionMatched(Object(CWebUser))
#5 /Users/smaloney/Sites/framework/web/auth/CAccessControlFilter.php(138): CAccessRule->isUserAllowed(Object(CWebUser), Object(ProjectController), Object(CInlineAction), '::1', 'GET')
#6 /Users/smaloney/Sites/framework/web/filters/CFilter.php(38): CAccessControlFilter->preFilter(Object(CFilterChain))
#7 /Users/smaloney/Sites/framework/web/CController.php(1145): CFilter->filter(Object(CFilterChain))
#8 /Users/smaloney/Sites/framework/web/filters/CInlineFilter.php(58): CController->filterAccessControl(Object(CFilterChain))
#9 /Users/smaloney/Sites/framework/web/filters/CFilterChain.php(130): CInlineFilter->filter(Object(CFilterChain))
#10 /Users/smaloney/Sites/framework/web/CController.php(291): CFilterChain->run()
#11 /Users/smaloney/Sites/framework/web/CController.php(265): CController->runActionWithFilters(Object(CInlineAction), Array)
#12 /Users/smaloney/Sites/framework/web/CWebApplication.php(282): CController->run('index')
#13 /Users/smaloney/Sites/framework/web/CWebApplication.php(141): CWebApplication->runController('')
#14 /Users/smaloney/Sites/framework/base/CApplication.php(180): CWebApplication->processRequest()
#15 /Users/smaloney/Sites/JAC1/index.php(13): CApplication->run()
#16 {main}
REQUEST_URI=/~smaloney/JAC1/index.php
HTTP_REFERER=http://localhost/~smaloney/JAC1/index.php?r=projectFile/create
---
2014/03/25 19:54:42 [error] [exception.CHttpException.404] exception 'CHttpException' with message 'The system is unable to find the requested action "upIndex".' in /Users/smaloney/Sites/framework/web/CController.php:483
Stack trace:
#0 /Users/smaloney/Sites/framework/web/CController.php(270): CController->missingAction('upIndex')
#1 /Users/smaloney/Sites/framework/web/CWebApplication.php(282): CController->run('upIndex')
#2 /Users/smaloney/Sites/framework/web/CWebApplication.php(141): CWebApplication->runController('project/upIndex')
#3 /Users/smaloney/Sites/framework/base/CApplication.php(180): CWebApplication->processRequest()
#4 /Users/smaloney/Sites/JAC1/index.php(13): CApplication->run()
#5 {main}
REQUEST_URI=/~smaloney/JAC1/index.php?r=project/upIndex
HTTP_REFERER=http://localhost/~smaloney/JAC1/index.php
---
2014/03/25 19:55:53 [error] [exception.CHttpException.404] exception 'CHttpException' with message 'The system is unable to find the requested action "upIndex".' in /Users/smaloney/Sites/framework/web/CController.php:483
Stack trace:
#0 /Users/smaloney/Sites/framework/web/CController.php(270): CController->missingAction('upIndex')
#1 /Users/smaloney/Sites/framework/web/CWebApplication.php(282): CController->run('upIndex')
#2 /Users/smaloney/Sites/framework/web/CWebApplication.php(141): CWebApplication->runController('project/upIndex')
#3 /Users/smaloney/Sites/framework/base/CApplication.php(180): CWebApplication->processRequest()
#4 /Users/smaloney/Sites/JAC1/index.php(13): CApplication->run()
#5 {main}
REQUEST_URI=/~smaloney/JAC1/index.php?r=project/upIndex
HTTP_REFERER=http://localhost/~smaloney/JAC1/index.php
---
2014/03/25 19:55:55 [error] [exception.CHttpException.404] exception 'CHttpException' with message 'The system is unable to find the requested action "upIndex".' in /Users/smaloney/Sites/framework/web/CController.php:483
Stack trace:
#0 /Users/smaloney/Sites/framework/web/CController.php(270): CController->missingAction('upIndex')
#1 /Users/smaloney/Sites/framework/web/CWebApplication.php(282): CController->run('upIndex')
#2 /Users/smaloney/Sites/framework/web/CWebApplication.php(141): CWebApplication->runController('project/upIndex')
#3 /Users/smaloney/Sites/framework/base/CApplication.php(180): CWebApplication->processRequest()
#4 /Users/smaloney/Sites/JAC1/index.php(13): CApplication->run()
#5 {main}
REQUEST_URI=/~smaloney/JAC1/index.php?r=project/upIndex
HTTP_REFERER=http://localhost/~smaloney/JAC1/index.php?r=project/upIndex
---
2014/03/25 19:55:59 [error] [exception.CHttpException.404] exception 'CHttpException' with message 'The system is unable to find the requested action "upIndex".' in /Users/smaloney/Sites/framework/web/CController.php:483
Stack trace:
#0 /Users/smaloney/Sites/framework/web/CController.php(270): CController->missingAction('upIndex')
#1 /Users/smaloney/Sites/framework/web/CWebApplication.php(282): CController->run('upIndex')
#2 /Users/smaloney/Sites/framework/web/CWebApplication.php(141): CWebApplication->runController('project/upIndex')
#3 /Users/smaloney/Sites/framework/base/CApplication.php(180): CWebApplication->processRequest()
#4 /Users/smaloney/Sites/JAC1/index.php(13): CApplication->run()
#5 {main}
REQUEST_URI=/~smaloney/JAC1/index.php?r=project/upIndex
HTTP_REFERER=http://localhost/~smaloney/JAC1/index.php?r=project/index
---
2014/03/25 19:56:41 [error] [exception.CHttpException.404] exception 'CHttpException' with message 'The system is unable to find the requested action "upIndex".' in /Users/smaloney/Sites/framework/web/CController.php:483
Stack trace:
#0 /Users/smaloney/Sites/framework/web/CController.php(270): CController->missingAction('upIndex')
#1 /Users/smaloney/Sites/framework/web/CWebApplication.php(282): CController->run('upIndex')
#2 /Users/smaloney/Sites/framework/web/CWebApplication.php(141): CWebApplication->runController('project/upIndex')
#3 /Users/smaloney/Sites/framework/base/CApplication.php(180): CWebApplication->processRequest()
#4 /Users/smaloney/Sites/JAC1/index.php(13): CApplication->run()
#5 {main}
REQUEST_URI=/~smaloney/JAC1/index.php?r=project/upIndex
HTTP_REFERER=http://localhost/~smaloney/JAC1/index.php
---
2014/03/25 19:57:19 [error] [exception.CHttpException.404] exception 'CHttpException' with message 'The system is unable to find the requested action "upIndex".' in /Users/smaloney/Sites/framework/web/CController.php:483
Stack trace:
#0 /Users/smaloney/Sites/framework/web/CController.php(270): CController->missingAction('upIndex')
#1 /Users/smaloney/Sites/framework/web/CWebApplication.php(282): CController->run('upIndex')
#2 /Users/smaloney/Sites/framework/web/CWebApplication.php(141): CWebApplication->runController('project/upIndex')
#3 /Users/smaloney/Sites/framework/base/CApplication.php(180): CWebApplication->processRequest()
#4 /Users/smaloney/Sites/JAC1/index.php(13): CApplication->run()
#5 {main}
REQUEST_URI=/~smaloney/JAC1/index.php?r=project/upIndex
HTTP_REFERER=http://localhost/~smaloney/JAC1/index.php
---
2014/03/25 19:57:23 [error] [exception.CHttpException.403] exception 'CHttpException' with message 'You are not authorized to perform this action.' in /Users/smaloney/Sites/framework/web/auth/CAccessControlFilter.php:182
Stack trace:
#0 /Users/smaloney/Sites/framework/web/auth/CAccessControlFilter.php(145): CAccessControlFilter->accessDenied(Object(CWebUser), 'You are not aut...')
#1 /Users/smaloney/Sites/framework/web/filters/CFilter.php(38): CAccessControlFilter->preFilter(Object(CFilterChain))
#2 /Users/smaloney/Sites/framework/web/CController.php(1145): CFilter->filter(Object(CFilterChain))
#3 /Users/smaloney/Sites/framework/web/filters/CInlineFilter.php(58): CController->filterAccessControl(Object(CFilterChain))
#4 /Users/smaloney/Sites/framework/web/filters/CFilterChain.php(130): CInlineFilter->filter(Object(CFilterChain))
#5 /Users/smaloney/Sites/framework/web/CController.php(291): CFilterChain->run()
#6 /Users/smaloney/Sites/framework/web/CController.php(265): CController->runActionWithFilters(Object(CInlineAction), Array)
#7 /Users/smaloney/Sites/framework/web/CWebApplication.php(282): CController->run('admin')
#8 /Users/smaloney/Sites/framework/web/CWebApplication.php(141): CWebApplication->runController('projectFile/adm...')
#9 /Users/smaloney/Sites/framework/base/CApplication.php(180): CWebApplication->processRequest()
#10 /Users/smaloney/Sites/JAC1/index.php(13): CApplication->run()
#11 {main}
REQUEST_URI=/~smaloney/JAC1/index.php?r=projectFile/admin
HTTP_REFERER=http://localhost/~smaloney/JAC1/index.php?r=projectFile/create
---
2014/03/25 20:07:24 [error] [exception.CHttpException.403] exception 'CHttpException' with message 'You are not authorized to perform this action.' in /Users/smaloney/Sites/framework/web/auth/CAccessControlFilter.php:182
Stack trace:
#0 /Users/smaloney/Sites/framework/web/auth/CAccessControlFilter.php(145): CAccessControlFilter->accessDenied(Object(CWebUser), 'You are not aut...')
#1 /Users/smaloney/Sites/framework/web/filters/CFilter.php(38): CAccessControlFilter->preFilter(Object(CFilterChain))
#2 /Users/smaloney/Sites/framework/web/CController.php(1145): CFilter->filter(Object(CFilterChain))
#3 /Users/smaloney/Sites/framework/web/filters/CInlineFilter.php(58): CController->filterAccessControl(Object(CFilterChain))
#4 /Users/smaloney/Sites/framework/web/filters/CFilterChain.php(130): CInlineFilter->filter(Object(CFilterChain))
#5 /Users/smaloney/Sites/framework/web/CController.php(291): CFilterChain->run()
#6 /Users/smaloney/Sites/framework/web/CController.php(265): CController->runActionWithFilters(Object(CInlineAction), Array)
#7 /Users/smaloney/Sites/framework/web/CWebApplication.php(282): CController->run('admin')
#8 /Users/smaloney/Sites/framework/web/CWebApplication.php(141): CWebApplication->runController('projectFile/adm...')
#9 /Users/smaloney/Sites/framework/base/CApplication.php(180): CWebApplication->processRequest()
#10 /Users/smaloney/Sites/JAC1/index.php(13): CApplication->run()
#11 {main}
REQUEST_URI=/~smaloney/JAC1/index.php?r=projectFile/admin
HTTP_REFERER=http://localhost/~smaloney/JAC1/index.php?r=projectFile/create
---
2014/03/25 20:09:49 [error] [exception.CHttpException.403] exception 'CHttpException' with message 'You are not authorized to perform this action.' in /Users/smaloney/Sites/framework/web/auth/CAccessControlFilter.php:182
Stack trace:
#0 /Users/smaloney/Sites/framework/web/auth/CAccessControlFilter.php(145): CAccessControlFilter->accessDenied(Object(CWebUser), 'You are not aut...')
#1 /Users/smaloney/Sites/framework/web/filters/CFilter.php(38): CAccessControlFilter->preFilter(Object(CFilterChain))
#2 /Users/smaloney/Sites/framework/web/CController.php(1145): CFilter->filter(Object(CFilterChain))
#3 /Users/smaloney/Sites/framework/web/filters/CInlineFilter.php(58): CController->filterAccessControl(Object(CFilterChain))
#4 /Users/smaloney/Sites/framework/web/filters/CFilterChain.php(130): CInlineFilter->filter(Object(CFilterChain))
#5 /Users/smaloney/Sites/framework/web/CController.php(291): CFilterChain->run()
#6 /Users/smaloney/Sites/framework/web/CController.php(265): CController->runActionWithFilters(Object(CInlineAction), Array)
#7 /Users/smaloney/Sites/framework/web/CWebApplication.php(282): CController->run('admin')
#8 /Users/smaloney/Sites/framework/web/CWebApplication.php(141): CWebApplication->runController('project/admin')
#9 /Users/smaloney/Sites/framework/base/CApplication.php(180): CWebApplication->processRequest()
#10 /Users/smaloney/Sites/JAC1/index.php(13): CApplication->run()
#11 {main}
REQUEST_URI=/~smaloney/JAC1/index.php?r=project/admin
HTTP_REFERER=http://localhost/~smaloney/JAC1/index.php?r=project/create
---
2014/03/25 20:13:54 [error] [exception.CHttpException.403] exception 'CHttpException' with message 'You are not authorized to perform this action.' in /Users/smaloney/Sites/framework/web/auth/CAccessControlFilter.php:182
Stack trace:
#0 /Users/smaloney/Sites/framework/web/auth/CAccessControlFilter.php(145): CAccessControlFilter->accessDenied(Object(CWebUser), 'You are not aut...')
#1 /Users/smaloney/Sites/framework/web/filters/CFilter.php(38): CAccessControlFilter->preFilter(Object(CFilterChain))
#2 /Users/smaloney/Sites/framework/web/CController.php(1145): CFilter->filter(Object(CFilterChain))
#3 /Users/smaloney/Sites/framework/web/filters/CInlineFilter.php(58): CController->filterAccessControl(Object(CFilterChain))
#4 /Users/smaloney/Sites/framework/web/filters/CFilterChain.php(130): CInlineFilter->filter(Object(CFilterChain))
#5 /Users/smaloney/Sites/framework/web/CController.php(291): CFilterChain->run()
#6 /Users/smaloney/Sites/framework/web/CController.php(265): CController->runActionWithFilters(Object(CInlineAction), Array)
#7 /Users/smaloney/Sites/framework/web/CWebApplication.php(282): CController->run('admin')
#8 /Users/smaloney/Sites/framework/web/CWebApplication.php(141): CWebApplication->runController('user/admin')
#9 /Users/smaloney/Sites/framework/base/CApplication.php(180): CWebApplication->processRequest()
#10 /Users/smaloney/Sites/JAC1/index.php(13): CApplication->run()
#11 {main}
REQUEST_URI=/~smaloney/JAC1/index.php?r=user/admin
HTTP_REFERER=http://localhost/~smaloney/JAC1/index.php?r=user/index
---
